<?xml version="1.0" encoding="UTF-8"?>
<!-- Generated by org.testng.reporters.JUnitXMLReporter -->
<testsuite hostname="DESKTOP-O544DRQ" name="Test" tests="6" failures="0" timestamp="20 Sep 2021 17:05:38 GMT" time="8.961" errors="0">
  <testcase name="getAuthToken" time="2.443" classname="com.rest.test.GetAuthenticationToken"/>
  <testcase name="getBookings" time="1.266" classname="com.rest.test.GetBookings"/>
  <testcase name="createBooking" time="1.219" classname="com.rest.test.CreateBooking"/>
  <testcase name="getBookingById" time="1.26" classname="com.rest.test.GetBookingById"/>
  <testcase name="updateBooking" time="1.273" classname="com.rest.test.UpdateBooking"/>
  <testcase name="deleteBooking" time="1.207" classname="com.rest.test.DeleteBooking"/>
</testsuite> <!-- Test -->
